<?xml version="1.0" encoding="UTF-8"?>
<!-- Generated by org.testng.reporters.JUnitReportReporter -->
<testsuite skipped="0" hostname="EPRURYAW7112" name="ru.utility.ParseCsv" tests="1" failures="0" timestamp="18 апр 2019 08:43:22 GMT" time="0.017" errors="0">
  <testcase name="parseFromCSV" time="0.017" classname="ru.utility.ParseCsv"/>
</testsuite> <!-- ru.utility.ParseCsv -->
