<?xml version="1.0" encoding="UTF-8"?>
<!-- Generated by org.testng.reporters.JUnitReportReporter -->
<testsuite skipped="0" hostname="EPRURYAW7112" name="ru.tests.SendLetterTest" tests="7" failures="0" timestamp="22 апр 2019 14:06:39 GMT" time="90.397" errors="0">
  <testcase name="writtingOfNewLetter" time="16.882" classname="ru.tests.SendLetterTest"/>
  <testcase name="writtingOfNewLetter" time="16.314" classname="ru.tests.SendLetterTest"/>
  <testcase name="writtingOfNewLetter" time="15.794" classname="ru.tests.SendLetterTest"/>
  <testcase name="checkingLastSentLetter" time="13.666" classname="ru.tests.SendLetterTest"/>
  <testcase name="checkingLastSentLetter" time="14.288" classname="ru.tests.SendLetterTest"/>
  <testcase name="checkingLastSentLetter" time="13.217" classname="ru.tests.SendLetterTest"/>
  <testcase name="deleteAll" time="0.236" classname="ru.tests.SendLetterTest"/>
</testsuite> <!-- ru.tests.SendLetterTest -->
