<?xml version="1.0" encoding="UTF-8"?>
<!-- Generated by org.testng.reporters.JUnitReportReporter -->
<testsuite skipped="0" hostname="EPRURYAW7112" name="ru.tests.LogoutTest" tests="1" failures="0" timestamp="22 апр 2019 14:06:39 GMT" time="2.654" errors="0">
  <testcase name="logoutTest" time="2.654" classname="ru.tests.LogoutTest"/>
</testsuite> <!-- ru.tests.LogoutTest -->
