<?xml version="1.0" encoding="UTF-8"?>
<!-- Generated by org.testng.reporters.JUnitReportReporter -->
<testsuite skipped="0" hostname="EPRURYAW7112" name="ru.tests.usabilityTests.DragAndDropTest" tests="3" failures="0" timestamp="16 апр 2019 11:11:34 GMT" time="47.692" errors="0">
  <testcase name="writtingOfNewLetter" time="16.116" classname="ru.tests.usabilityTests.DragAndDropTest"/>
  <testcase name="dragAndDropToBasket" time="29.978" classname="ru.tests.usabilityTests.DragAndDropTest"/>
  <testcase name="deleteAll" time="1.598" classname="ru.tests.usabilityTests.DragAndDropTest"/>
</testsuite> <!-- ru.tests.usabilityTests.DragAndDropTest -->
