<?xml version="1.0" encoding="UTF-8"?>
<!-- Generated by org.testng.reporters.JUnitReportReporter -->
<testsuite skipped="0" hostname="EPRURYAW7112" name="ru.tests.DraftTest" tests="3" failures="0" timestamp="22 апр 2019 14:06:39 GMT" time="44.139" errors="0">
  <testcase name="checkingLastDraft" time="14.382" classname="ru.tests.DraftTest"/>
  <testcase name="checkingLastDraft" time="14.964" classname="ru.tests.DraftTest"/>
  <testcase name="checkingLastDraft" time="14.793" classname="ru.tests.DraftTest"/>
</testsuite> <!-- ru.tests.DraftTest -->
