<?xml version="1.0" encoding="UTF-8"?>
<!-- Generated by org.testng.reporters.JUnitReportReporter -->
<testsuite skipped="0" hostname="EPRURYAW7112" name="ru.tests.usabilityTests.CleaningTheBasket" tests="5" failures="0" timestamp="22 апр 2019 14:06:39 GMT" time="74.947" errors="0">
  <testcase name="writtingOfNewLetter" time="15.695" classname="ru.tests.usabilityTests.CleaningTheBasket"/>
  <testcase name="writtingOfNewLetter" time="38.944" classname="ru.tests.usabilityTests.CleaningTheBasket"/>
  <testcase name="writtingOfNewLetter" time="16.258" classname="ru.tests.usabilityTests.CleaningTheBasket"/>
  <testcase name="deletingMessagesWithCtrlA" time="1.134" classname="ru.tests.usabilityTests.CleaningTheBasket"/>
  <testcase name="cleanBasket" time="2.916" classname="ru.tests.usabilityTests.CleaningTheBasket"/>
</testsuite> <!-- ru.tests.usabilityTests.CleaningTheBasket -->
