<?xml version="1.0" encoding="UTF-8"?>
<!-- Generated by org.testng.reporters.JUnitReportReporter -->
<testsuite skipped="0" hostname="EPRURYAW7112" name="ru.tests.NewLetterTest" tests="3" failures="0" timestamp="15 апр 2019 15:23:53 GMT" time="36.613" errors="0">
  <testcase name="writtingOfNewLetter" time="12.740" classname="ru.tests.NewLetterTest"/>
  <testcase name="writtingOfNewLetter" time="11.946" classname="ru.tests.NewLetterTest"/>
  <testcase name="writtingOfNewLetter" time="11.927" classname="ru.tests.NewLetterTest"/>
</testsuite> <!-- ru.tests.NewLetterTest -->
