<?xml version="1.0" encoding="UTF-8"?>
<!-- Generated by org.testng.reporters.JUnitReportReporter -->
<testsuite skipped="0" hostname="EPRURYAW7112" name="ru.tests.SendLetterTest" tests="7" failures="0" timestamp="15 апр 2019 15:23:53 GMT" time="90.160" errors="0">
  <testcase name="writtingOfNewLetter" time="15.061" classname="ru.tests.SendLetterTest"/>
  <testcase name="writtingOfNewLetter" time="17.612" classname="ru.tests.SendLetterTest"/>
  <testcase name="writtingOfNewLetter" time="14.601" classname="ru.tests.SendLetterTest"/>
  <testcase name="checkingLastSentLetter" time="14.270" classname="ru.tests.SendLetterTest"/>
  <testcase name="checkingLastSentLetter" time="13.840" classname="ru.tests.SendLetterTest"/>
  <testcase name="checkingLastSentLetter" time="14.576" classname="ru.tests.SendLetterTest"/>
  <testcase name="deleteAll" time="0.200" classname="ru.tests.SendLetterTest"/>
</testsuite> <!-- ru.tests.SendLetterTest -->
