<?xml version="1.0" encoding="UTF-8"?>
<!-- Generated by org.testng.reporters.JUnitReportReporter -->
<testsuite skipped="0" hostname="EPRURYAW7112" name="ru.tests.DraftTest" tests="3" failures="0" timestamp="15 апр 2019 15:23:53 GMT" time="39.991" errors="0">
  <testcase name="checkingLastDraft" time="13.679" classname="ru.tests.DraftTest"/>
  <testcase name="checkingLastDraft" time="13.153" classname="ru.tests.DraftTest"/>
  <testcase name="checkingLastDraft" time="13.159" classname="ru.tests.DraftTest"/>
</testsuite> <!-- ru.tests.DraftTest -->
