<?xml version="1.0" encoding="UTF-8"?>
<!-- Generated by org.testng.reporters.JUnitReportReporter -->
<testsuite skipped="0" hostname="EPRURYAW7112" name="ru.tests.usabilityTests.AnotherWayForDeletingTest" tests="4" failures="0" timestamp="22 апр 2019 14:06:39 GMT" time="51.625" errors="0">
  <testcase name="writtingOfNewLetter" time="17.958" classname="ru.tests.usabilityTests.AnotherWayForDeletingTest"/>
  <testcase name="writtingOfNewLetter" time="16.429" classname="ru.tests.usabilityTests.AnotherWayForDeletingTest"/>
  <testcase name="writtingOfNewLetter" time="16.109" classname="ru.tests.usabilityTests.AnotherWayForDeletingTest"/>
  <testcase name="deletingMessagesWithCtrlA" time="1.129" classname="ru.tests.usabilityTests.AnotherWayForDeletingTest"/>
</testsuite> <!-- ru.tests.usabilityTests.AnotherWayForDeletingTest -->
