<?xml version="1.0" encoding="UTF-8"?>
<!-- Generated by org.testng.reporters.JUnitReportReporter -->
<testsuite skipped="0" hostname="EPRURYAW7112" name="ru.tests.NewTest" tests="1" failures="0" timestamp="15 фев 2019 09:02:16 GMT" time="2.267" errors="0">
  <testcase name="autorize" time="2.267" classname="ru.tests.NewTest"/>
</testsuite> <!-- ru.tests.NewTest -->
