<?xml version="1.0" encoding="UTF-8"?>
<!-- Generated by org.testng.reporters.JUnitReportReporter -->
<testsuite skipped="0" hostname="EPRURYAW7112" name="ru.tests.NewLetterTest" tests="3" failures="0" timestamp="22 апр 2019 14:06:39 GMT" time="40.741" errors="0">
  <testcase name="writtingOfNewLetter" time="12.484" classname="ru.tests.NewLetterTest"/>
  <testcase name="writtingOfNewLetter" time="14.647" classname="ru.tests.NewLetterTest"/>
  <testcase name="writtingOfNewLetter" time="13.610" classname="ru.tests.NewLetterTest"/>
</testsuite> <!-- ru.tests.NewLetterTest -->
