<?xml version="1.0" encoding="UTF-8"?>
<!-- Generated by org.testng.reporters.JUnitReportReporter -->
<testsuite skipped="0" hostname="EPRURYAW7112" name="ru.tests.usabilityTests.CleaningTheBasket" tests="5" failures="0" timestamp="23 апр 2019 14:13:53 GMT" time="49.777" errors="0">
  <testcase name="writtingOfNewLetter" time="15.322" classname="ru.tests.usabilityTests.CleaningTheBasket"/>
  <testcase name="writtingOfNewLetter" time="14.786" classname="ru.tests.usabilityTests.CleaningTheBasket"/>
  <testcase name="writtingOfNewLetter" time="15.949" classname="ru.tests.usabilityTests.CleaningTheBasket"/>
  <testcase name="deletingMessagesWithCtrlA" time="0.955" classname="ru.tests.usabilityTests.CleaningTheBasket"/>
  <testcase name="cleanBasket" time="2.765" classname="ru.tests.usabilityTests.CleaningTheBasket"/>
</testsuite> <!-- ru.tests.usabilityTests.CleaningTheBasket -->
