<?xml version="1.0" encoding="UTF-8"?>
<!-- Generated by org.testng.reporters.JUnitReportReporter -->
<testsuite skipped="0" hostname="EPRURYAW7112" name="ru.tests.LoginTest" tests="1" failures="0" timestamp="23 апр 2019 14:13:53 GMT" time="0.377" errors="0">
  <testcase name="checkLoginning" time="0.377" classname="ru.tests.LoginTest"/>
</testsuite> <!-- ru.tests.LoginTest -->
