<?xml version="1.0" encoding="UTF-8"?>
<!-- Generated by org.testng.reporters.JUnitReportReporter -->
<testsuite skipped="0" hostname="EPRURYAW7112" name="ru.tests.usabilityTests.AnotherWayForDeletingTest" tests="4" failures="0" timestamp="23 апр 2019 14:13:53 GMT" time="46.844" errors="0">
  <testcase name="writtingOfNewLetter" time="14.831" classname="ru.tests.usabilityTests.AnotherWayForDeletingTest"/>
  <testcase name="writtingOfNewLetter" time="15.375" classname="ru.tests.usabilityTests.AnotherWayForDeletingTest"/>
  <testcase name="writtingOfNewLetter" time="15.704" classname="ru.tests.usabilityTests.AnotherWayForDeletingTest"/>
  <testcase name="deletingMessagesWithCtrlA" time="0.934" classname="ru.tests.usabilityTests.AnotherWayForDeletingTest"/>
</testsuite> <!-- ru.tests.usabilityTests.AnotherWayForDeletingTest -->
