<?xml version="1.0" encoding="UTF-8"?>
<!-- Generated by org.testng.reporters.JUnitReportReporter -->
<testsuite skipped="0" hostname="EPRURYAW7112" name="ru.tests.NewLetterTest" tests="3" failures="0" timestamp="23 апр 2019 14:13:53 GMT" time="45.749" errors="0">
  <testcase name="writtingOfNewLetter" time="13.793" classname="ru.tests.NewLetterTest"/>
  <testcase name="writtingOfNewLetter" time="15.214" classname="ru.tests.NewLetterTest"/>
  <testcase name="writtingOfNewLetter" time="16.742" classname="ru.tests.NewLetterTest"/>
</testsuite> <!-- ru.tests.NewLetterTest -->
