<?xml version="1.0" encoding="UTF-8"?>
<!-- Generated by org.testng.reporters.JUnitReportReporter -->
<testsuite skipped="0" hostname="EPRURYAW7112" name="ru.tests.SendLetterTest" tests="7" failures="0" timestamp="23 апр 2019 14:13:53 GMT" time="91.859" errors="0">
  <testcase name="writtingOfNewLetter" time="18.165" classname="ru.tests.SendLetterTest"/>
  <testcase name="writtingOfNewLetter" time="15.419" classname="ru.tests.SendLetterTest"/>
  <testcase name="writtingOfNewLetter" time="16.732" classname="ru.tests.SendLetterTest"/>
  <testcase name="checkingLastSentLetter" time="13.872" classname="ru.tests.SendLetterTest"/>
  <testcase name="checkingLastSentLetter" time="13.537" classname="ru.tests.SendLetterTest"/>
  <testcase name="checkingLastSentLetter" time="13.995" classname="ru.tests.SendLetterTest"/>
  <testcase name="deleteAll" time="0.139" classname="ru.tests.SendLetterTest"/>
</testsuite> <!-- ru.tests.SendLetterTest -->
