<?xml version="1.0" encoding="UTF-8"?>
<!-- Generated by org.testng.reporters.JUnitReportReporter -->
<testsuite skipped="0" hostname="EPRURYAW7112" name="ru.tests.DraftTest" tests="3" failures="0" timestamp="23 апр 2019 14:13:53 GMT" time="46.648" errors="0">
  <testcase name="checkingLastDraft" time="15.167" classname="ru.tests.DraftTest"/>
  <testcase name="checkingLastDraft" time="17.138" classname="ru.tests.DraftTest"/>
  <testcase name="checkingLastDraft" time="14.343" classname="ru.tests.DraftTest"/>
</testsuite> <!-- ru.tests.DraftTest -->
